<?xml version="1.0" encoding="UTF-8"?>
<testsuite name="top.jyx365.organizationService.OrganizationServiceApplicationTests" tests="2" skipped="0" failures="1" errors="0" timestamp="2016-09-27T09:01:27" hostname="dev2.jyx365.top" time="0.159">
  <properties/>
  <testcase name="contextLoads" classname="top.jyx365.organizationService.OrganizationServiceApplicationTests" time="0.027"/>
  <testcase name="testGetCompany" classname="top.jyx365.organizationService.OrganizationServiceApplicationTests" time="0.126">
    <failure message="java.lang.AssertionError: Status expected:&lt;200&gt; but was:&lt;401&gt;" type="java.lang.AssertionError">java.lang.AssertionError: Status expected:&lt;200&gt; but was:&lt;401&gt;
	at org.springframework.test.util.AssertionErrors.fail(AssertionErrors.java:54)
	at org.springframework.test.util.AssertionErrors.assertEquals(AssertionErrors.java:81)
	at org.springframework.test.web.servlet.result.StatusResultMatchers$10.match(StatusResultMatchers.java:664)
	at org.springframework.test.web.servlet.MockMvc$1.andExpect(MockMvc.java:171)
	at top.jyx365.organizationService.OrganizationServiceApplicationTests.testGetCompany(OrganizationServiceApplicationTests.java:42)
	at sun.reflect.NativeMethodAccessorImpl.invoke0(Native Method)
	at sun.reflect.NativeMethodAccessorImpl.invoke(NativeMethodAccessorImpl.java:62)
	at sun.reflect.DelegatingMethodAccessorImpl.invoke(DelegatingMethodAccessorImpl.java:43)
	at java.lang.reflect.Method.invoke(Method.java:498)
	at org.junit.runners.model.FrameworkMethod$1.runReflectiveCall(FrameworkMethod.java:50)
	at org.junit.internal.runners.model.ReflectiveCallable.run(ReflectiveCallable.java:12)
	at org.junit.runners.model.FrameworkMethod.invokeExplosively(FrameworkMethod.java:47)
	at org.junit.internal.runners.statements.InvokeMethod.evaluate(InvokeMethod.java:17)
	at org.springframework.test.context.junit4.statements.RunBeforeTestMethodCallbacks.evaluate(RunBeforeTestMethodCallbacks.java:75)
	at org.springframework.test.context.junit4.statements.RunAfterTestMethodCallbacks.evaluate(RunAfterTestMethodCallbacks.java:86)
	at org.springframework.test.context.junit4.statements.SpringRepeat.evaluate(SpringRepeat.java:84)
	at org.junit.runners.ParentRunner.runLeaf(ParentRunner.java:325)
	at org.springframework.test.context.junit4.SpringJUnit4ClassRunner.runChild(SpringJUnit4ClassRunner.java:252)
	at org.springframework.test.context.junit4.SpringJUnit4ClassRunner.runChild(SpringJUnit4ClassRunner.java:94)
	at org.junit.runners.ParentRunner$3.run(ParentRunner.java:290)
	at org.junit.runners.ParentRunner$1.schedule(ParentRunner.java:71)
	at org.junit.runners.ParentRunner.runChildren(ParentRunner.java:288)
	at org.junit.runners.ParentRunner.access$000(ParentRunner.java:58)
	at org.junit.runners.ParentRunner$2.evaluate(ParentRunner.java:268)
	at org.springframework.test.context.junit4.statements.RunBeforeTestClassCallbacks.evaluate(RunBeforeTestClassCallbacks.java:61)
	at org.springframework.test.context.junit4.statements.RunAfterTestClassCallbacks.evaluate(RunAfterTestClassCallbacks.java:70)
	at org.junit.runners.ParentRunner.run(ParentRunner.java:363)
	at org.springframework.test.context.junit4.SpringJUnit4ClassRunner.run(SpringJUnit4ClassRunner.java:191)
	at org.gradle.api.internal.tasks.testing.junit.JUnitTestClassExecuter.runTestClass(JUnitTestClassExecuter.java:112)
	at org.gradle.api.internal.tasks.testing.junit.JUnitTestClassExecuter.execute(JUnitTestClassExecuter.java:56)
	at org.gradle.api.internal.tasks.testing.junit.JUnitTestClassProcessor.processTestClass(JUnitTestClassProcessor.java:66)
	at org.gradle.api.internal.tasks.testing.SuiteTestClassProcessor.processTestClass(SuiteTestClassProcessor.java:51)
	at sun.reflect.NativeMethodAccessorImpl.invoke0(Native Method)
	at sun.reflect.NativeMethodAccessorImpl.invoke(NativeMethodAccessorImpl.java:62)
	at sun.reflect.DelegatingMethodAccessorImpl.invoke(DelegatingMethodAccessorImpl.java:43)
	at java.lang.reflect.Method.invoke(Method.java:498)
	at org.gradle.messaging.dispatch.ReflectionDispatch.dispatch(ReflectionDispatch.java:35)
	at org.gradle.messaging.dispatch.ReflectionDispatch.dispatch(ReflectionDispatch.java:24)
	at org.gradle.messaging.dispatch.ContextClassLoaderDispatch.dispatch(ContextClassLoaderDispatch.java:32)
	at org.gradle.messaging.dispatch.ProxyDispatchAdapter$DispatchingInvocationHandler.invoke(ProxyDispatchAdapter.java:93)
	at com.sun.proxy.$Proxy2.processTestClass(Unknown Source)
	at org.gradle.api.internal.tasks.testing.worker.TestWorker.processTestClass(TestWorker.java:109)
	at sun.reflect.NativeMethodAccessorImpl.invoke0(Native Method)
	at sun.reflect.NativeMethodAccessorImpl.invoke(NativeMethodAccessorImpl.java:62)
	at sun.reflect.DelegatingMethodAccessorImpl.invoke(DelegatingMethodAccessorImpl.java:43)
	at java.lang.reflect.Method.invoke(Method.java:498)
	at org.gradle.messaging.dispatch.ReflectionDispatch.dispatch(ReflectionDispatch.java:35)
	at org.gradle.messaging.dispatch.ReflectionDispatch.dispatch(ReflectionDispatch.java:24)
	at org.gradle.messaging.remote.internal.hub.MessageHub$Handler.run(MessageHub.java:364)
	at org.gradle.internal.concurrent.ExecutorPolicy$CatchAndRecordFailures.onExecute(ExecutorPolicy.java:54)
	at org.gradle.internal.concurrent.StoppableExecutorImpl$1.run(StoppableExecutorImpl.java:40)
	at java.util.concurrent.ThreadPoolExecutor.runWorker(ThreadPoolExecutor.java:1142)
	at java.util.concurrent.ThreadPoolExecutor$Worker.run(ThreadPoolExecutor.java:617)
	at java.lang.Thread.run(Thread.java:745)
</failure>
  </testcase>
  <system-out><![CDATA[17:01:22.437 [Test worker] DEBUG org.springframework.test.context.junit4.SpringJUnit4ClassRunner - SpringJUnit4ClassRunner constructor called with [class top.jyx365.organizationService.OrganizationServiceApplicationTests]
17:01:22.447 [Test worker] DEBUG org.springframework.test.context.BootstrapUtils - Instantiating CacheAwareContextLoaderDelegate from class [org.springframework.test.context.cache.DefaultCacheAwareContextLoaderDelegate]
17:01:22.455 [Test worker] DEBUG org.springframework.test.context.BootstrapUtils - Instantiating BootstrapContext using constructor [public org.springframework.test.context.support.DefaultBootstrapContext(java.lang.Class,org.springframework.test.context.CacheAwareContextLoaderDelegate)]
17:01:22.474 [Test worker] DEBUG org.springframework.test.context.BootstrapUtils - Instantiating TestContextBootstrapper for test class [top.jyx365.organizationService.OrganizationServiceApplicationTests] from class [org.springframework.boot.test.autoconfigure.web.servlet.WebMvcTestContextBootstrapper]
17:01:22.500 [Test worker] INFO org.springframework.boot.test.autoconfigure.web.servlet.WebMvcTestContextBootstrapper - Neither @ContextConfiguration nor @ContextHierarchy found for test class [top.jyx365.organizationService.OrganizationServiceApplicationTests], using SpringBootContextLoader
17:01:22.505 [Test worker] DEBUG org.springframework.test.context.support.AbstractContextLoader - Did not detect default resource location for test class [top.jyx365.organizationService.OrganizationServiceApplicationTests]: class path resource [top/jyx365/organizationService/OrganizationServiceApplicationTests-context.xml] does not exist
17:01:22.506 [Test worker] DEBUG org.springframework.test.context.support.AbstractContextLoader - Did not detect default resource location for test class [top.jyx365.organizationService.OrganizationServiceApplicationTests]: class path resource [top/jyx365/organizationService/OrganizationServiceApplicationTestsContext.groovy] does not exist
17:01:22.507 [Test worker] INFO org.springframework.test.context.support.AbstractContextLoader - Could not detect default resource locations for test class [top.jyx365.organizationService.OrganizationServiceApplicationTests]: no resource found for suffixes {-context.xml, Context.groovy}.
17:01:22.509 [Test worker] INFO org.springframework.test.context.support.AnnotationConfigContextLoaderUtils - Could not detect default configuration classes for test class [top.jyx365.organizationService.OrganizationServiceApplicationTests]: OrganizationServiceApplicationTests does not declare any static, non-private, non-final, nested classes annotated with @Configuration.
17:01:22.585 [Test worker] DEBUG org.springframework.test.context.support.ActiveProfilesUtils - Could not find an 'annotation declaring class' for annotation type [org.springframework.test.context.ActiveProfiles] and class [top.jyx365.organizationService.OrganizationServiceApplicationTests]
17:01:22.638 [Test worker] DEBUG org.springframework.core.env.StandardEnvironment - Adding [systemProperties] PropertySource with lowest search precedence
17:01:22.639 [Test worker] DEBUG org.springframework.core.env.StandardEnvironment - Adding [systemEnvironment] PropertySource with lowest search precedence
17:01:22.639 [Test worker] DEBUG org.springframework.core.env.StandardEnvironment - Initialized StandardEnvironment with PropertySources [systemProperties,systemEnvironment]
17:01:22.651 [Test worker] DEBUG org.springframework.core.io.support.PathMatchingResourcePatternResolver - Resolved classpath location [top/jyx365/organizationService/] to resources [URL [file:/home/alan/organizationService/build/classes/test/top/jyx365/organizationService/], URL [file:/home/alan/organizationService/build/classes/main/top/jyx365/organizationService/]]
17:01:22.651 [Test worker] DEBUG org.springframework.core.io.support.PathMatchingResourcePatternResolver - Looking for matching resources in directory tree [/home/alan/organizationService/build/classes/test/top/jyx365/organizationService]
17:01:22.652 [Test worker] DEBUG org.springframework.core.io.support.PathMatchingResourcePatternResolver - Searching directory [/home/alan/organizationService/build/classes/test/top/jyx365/organizationService] for files matching pattern [/home/alan/organizationService/build/classes/test/top/jyx365/organizationService/*.class]
17:01:22.657 [Test worker] DEBUG org.springframework.core.io.support.PathMatchingResourcePatternResolver - Looking for matching resources in directory tree [/home/alan/organizationService/build/classes/main/top/jyx365/organizationService]
17:01:22.658 [Test worker] DEBUG org.springframework.core.io.support.PathMatchingResourcePatternResolver - Searching directory [/home/alan/organizationService/build/classes/main/top/jyx365/organizationService] for files matching pattern [/home/alan/organizationService/build/classes/main/top/jyx365/organizationService/*.class]
17:01:22.662 [Test worker] DEBUG org.springframework.core.io.support.PathMatchingResourcePatternResolver - Resolved location pattern [classpath*:top/jyx365/organizationService/*.class] to resources [file [/home/alan/organizationService/build/classes/test/top/jyx365/organizationService/OrganizationServiceApplicationTests.class], file [/home/alan/organizationService/build/classes/main/top/jyx365/organizationService/Company.class], file [/home/alan/organizationService/build/classes/main/top/jyx365/organizationService/CompanyController.class], file [/home/alan/organizationService/build/classes/main/top/jyx365/organizationService/CompanyResource.class], file [/home/alan/organizationService/build/classes/main/top/jyx365/organizationService/CompanyResourceAssembler.class], file [/home/alan/organizationService/build/classes/main/top/jyx365/organizationService/Department.class], file [/home/alan/organizationService/build/classes/main/top/jyx365/organizationService/DepartmentController.class], file [/home/alan/organizationService/build/classes/main/top/jyx365/organizationService/NameJsonConverter$Deserializer.class], file [/home/alan/organizationService/build/classes/main/top/jyx365/organizationService/NameJsonConverter$Serializer.class], file [/home/alan/organizationService/build/classes/main/top/jyx365/organizationService/NameJsonConverter.class], file [/home/alan/organizationService/build/classes/main/top/jyx365/organizationService/OrganizationRepository.class], file [/home/alan/organizationService/build/classes/main/top/jyx365/organizationService/OrganizationServiceApplication.class], file [/home/alan/organizationService/build/classes/main/top/jyx365/organizationService/Role.class], file [/home/alan/organizationService/build/classes/main/top/jyx365/organizationService/RoleController.class], file [/home/alan/organizationService/build/classes/main/top/jyx365/organizationService/Staff.class], file [/home/alan/organizationService/build/classes/main/top/jyx365/organizationService/StaffController.class]]
17:01:22.751 [Test worker] DEBUG org.springframework.context.annotation.ClassPathScanningCandidateComponentProvider - Identified candidate component class: file [/home/alan/organizationService/build/classes/main/top/jyx365/organizationService/OrganizationServiceApplication.class]
17:01:22.756 [Test worker] INFO org.springframework.boot.test.context.SpringBootTestContextBootstrapper - Found @SpringBootConfiguration top.jyx365.organizationService.OrganizationServiceApplication for test class top.jyx365.organizationService.OrganizationServiceApplicationTests
17:01:22.761 [Test worker] DEBUG org.springframework.boot.test.autoconfigure.web.servlet.WebMvcTestContextBootstrapper - @TestExecutionListeners is not present for class [top.jyx365.organizationService.OrganizationServiceApplicationTests]: using defaults.
17:01:22.766 [Test worker] INFO org.springframework.boot.test.autoconfigure.web.servlet.WebMvcTestContextBootstrapper - Loaded default TestExecutionListener class names from location [META-INF/spring.factories]: [org.springframework.boot.test.mock.mockito.MockitoTestExecutionListener, org.springframework.boot.test.mock.mockito.ResetMocksTestExecutionListener, org.springframework.boot.test.autoconfigure.AutoConfigureReportTestExecutionListener, org.springframework.boot.test.autoconfigure.restdocs.RestDocsTestExecutionListener, org.springframework.boot.test.autoconfigure.web.client.MockRestServiceServerResetTestExecutionListener, org.springframework.test.context.web.ServletTestExecutionListener, org.springframework.test.context.support.DirtiesContextBeforeModesTestExecutionListener, org.springframework.test.context.support.DependencyInjectionTestExecutionListener, org.springframework.test.context.support.DirtiesContextTestExecutionListener, org.springframework.test.context.transaction.TransactionalTestExecutionListener, org.springframework.test.context.jdbc.SqlScriptsTestExecutionListener]
17:01:22.787 [Test worker] INFO org.springframework.boot.test.autoconfigure.web.servlet.WebMvcTestContextBootstrapper - Using TestExecutionListeners: [org.springframework.test.context.web.ServletTestExecutionListener@57d8e58f, org.springframework.test.context.support.DirtiesContextBeforeModesTestExecutionListener@64aed5d1, org.springframework.boot.test.autoconfigure.AutoConfigureReportTestExecutionListener@7a9f4ffb, org.springframework.test.context.support.DependencyInjectionTestExecutionListener@70348d4e, org.springframework.test.context.support.DirtiesContextTestExecutionListener@6050fa5a, org.springframework.test.context.transaction.TransactionalTestExecutionListener@7242abdc, org.springframework.test.context.jdbc.SqlScriptsTestExecutionListener@7222d2f8, org.springframework.boot.test.mock.mockito.ResetMocksTestExecutionListener@26286f0f, org.springframework.boot.test.autoconfigure.restdocs.RestDocsTestExecutionListener@414dd3ba, org.springframework.boot.test.mock.mockito.MockitoTestExecutionListener@26368c04, org.springframework.boot.test.autoconfigure.web.client.MockRestServiceServerResetTestExecutionListener@42672f28]
17:01:22.791 [Test worker] DEBUG org.springframework.test.annotation.ProfileValueUtils - Retrieved @ProfileValueSourceConfiguration [null] for test class [top.jyx365.organizationService.OrganizationServiceApplicationTests]
17:01:22.792 [Test worker] DEBUG org.springframework.test.annotation.ProfileValueUtils - Retrieved ProfileValueSource type [class org.springframework.test.annotation.SystemProfileValueSource] for class [top.jyx365.organizationService.OrganizationServiceApplicationTests]
17:01:22.793 [Test worker] DEBUG org.springframework.test.annotation.ProfileValueUtils - Retrieved @ProfileValueSourceConfiguration [null] for test class [top.jyx365.organizationService.OrganizationServiceApplicationTests]
17:01:22.793 [Test worker] DEBUG org.springframework.test.annotation.ProfileValueUtils - Retrieved ProfileValueSource type [class org.springframework.test.annotation.SystemProfileValueSource] for class [top.jyx365.organizationService.OrganizationServiceApplicationTests]
17:01:22.800 [Test worker] DEBUG org.springframework.test.context.support.AbstractDirtiesContextTestExecutionListener - Before test class: context [DefaultTestContext@48b3b20e testClass = OrganizationServiceApplicationTests, testInstance = [null], testMethod = [null], testException = [null], mergedContextConfiguration = [WebMergedContextConfiguration@527ca51f testClass = OrganizationServiceApplicationTests, locations = '{}', classes = '{class top.jyx365.organizationService.OrganizationServiceApplication}', contextInitializerClasses = '[]', activeProfiles = '{}', propertySourceLocations = '{}', propertySourceProperties = '{org.springframework.boot.test.autoconfigure.web.servlet.WebMvcTestContextBootstrapper=true}', contextCustomizers = set[org.springframework.boot.test.context.ImportsContextCustomizer@6aa77138, org.springframework.boot.test.context.filter.ExcludeFilterContextCustomizer@2df161ee, org.springframework.boot.test.mock.mockito.MockitoContextCustomizer@0, org.springframework.boot.test.autoconfigure.OverrideAutoConfigurationContextCustomizerFactory$DisableAutoConfigurationContextCustomizer@38b6ded, org.springframework.boot.test.autoconfigure.filter.TypeExcludeFiltersContextCustomizer@4b980b6e, org.springframework.boot.test.autoconfigure.properties.PropertyMappingContextCustomizer@189ef824], resourceBasePath = '', contextLoader = 'org.springframework.boot.test.context.SpringBootContextLoader', parent = [null]]], class annotated with @DirtiesContext [false] with mode [null].
17:01:22.801 [Test worker] DEBUG org.springframework.test.annotation.ProfileValueUtils - Retrieved @ProfileValueSourceConfiguration [null] for test class [top.jyx365.organizationService.OrganizationServiceApplicationTests]
17:01:22.802 [Test worker] DEBUG org.springframework.test.annotation.ProfileValueUtils - Retrieved ProfileValueSource type [class org.springframework.test.annotation.SystemProfileValueSource] for class [top.jyx365.organizationService.OrganizationServiceApplicationTests]
17:01:22.804 [Test worker] DEBUG org.springframework.test.context.support.DependencyInjectionTestExecutionListener - Performing dependency injection for test context [[DefaultTestContext@48b3b20e testClass = OrganizationServiceApplicationTests, testInstance = top.jyx365.organizationService.OrganizationServiceApplicationTests@65b6c6b1, testMethod = [null], testException = [null], mergedContextConfiguration = [WebMergedContextConfiguration@527ca51f testClass = OrganizationServiceApplicationTests, locations = '{}', classes = '{class top.jyx365.organizationService.OrganizationServiceApplication}', contextInitializerClasses = '[]', activeProfiles = '{}', propertySourceLocations = '{}', propertySourceProperties = '{org.springframework.boot.test.autoconfigure.web.servlet.WebMvcTestContextBootstrapper=true}', contextCustomizers = set[org.springframework.boot.test.context.ImportsContextCustomizer@6aa77138, org.springframework.boot.test.context.filter.ExcludeFilterContextCustomizer@2df161ee, org.springframework.boot.test.mock.mockito.MockitoContextCustomizer@0, org.springframework.boot.test.autoconfigure.OverrideAutoConfigurationContextCustomizerFactory$DisableAutoConfigurationContextCustomizer@38b6ded, org.springframework.boot.test.autoconfigure.filter.TypeExcludeFiltersContextCustomizer@4b980b6e, org.springframework.boot.test.autoconfigure.properties.PropertyMappingContextCustomizer@189ef824], resourceBasePath = '', contextLoader = 'org.springframework.boot.test.context.SpringBootContextLoader', parent = [null]]]].
17:01:22.838 [Test worker] DEBUG org.springframework.core.env.StandardEnvironment - Adding [systemProperties] PropertySource with lowest search precedence
17:01:22.838 [Test worker] DEBUG org.springframework.core.env.StandardEnvironment - Adding [systemEnvironment] PropertySource with lowest search precedence
17:01:22.838 [Test worker] DEBUG org.springframework.core.env.StandardEnvironment - Initialized StandardEnvironment with PropertySources [systemProperties,systemEnvironment]
17:01:22.841 [Test worker] DEBUG org.springframework.test.context.support.TestPropertySourceUtils - Adding inlined properties to environment: {spring.jmx.enabled=false, org.springframework.boot.test.autoconfigure.web.servlet.WebMvcTestContextBootstrapper=true, server.port=-1}
17:01:22.842 [Test worker] DEBUG org.springframework.core.env.StandardEnvironment - Adding [Inlined Test Properties] PropertySource with highest search precedence

  .   ____          _            __ _ _
 /\\ / ___'_ __ _ _(_)_ __  __ _ \ \ \ \
( ( )\___ | '_ | '_| | '_ \/ _` | \ \ \ \
 \\/  ___)| |_)| | | | | || (_| |  ) ) ) )
  '  |____| .__|_| |_|_| |_\__, | / / / /
 =========|_|==============|___/=/_/_/_/
 :: Spring Boot ::        (v1.4.0.RELEASE)

2016-09-27 17:01:23.555  INFO 9705 --- [    Test worker] .j.o.OrganizationServiceApplicationTests : Starting OrganizationServiceApplicationTests on dev2.jyx365.top with PID 9705 (started by alan in /home/alan/organizationService)
2016-09-27 17:01:23.559 DEBUG 9705 --- [    Test worker] .j.o.OrganizationServiceApplicationTests : Running with Spring Boot v1.4.0.RELEASE, Spring v4.3.2.RELEASE
2016-09-27 17:01:23.560  INFO 9705 --- [    Test worker] .j.o.OrganizationServiceApplicationTests : No active profile set, falling back to default profiles: default
2016-09-27 17:01:23.620  INFO 9705 --- [    Test worker] o.s.w.c.s.GenericWebApplicationContext   : Refreshing org.springframework.web.context.support.GenericWebApplicationContext@4d033c35: startup date [Tue Sep 27 17:01:23 CST 2016]; root of context hierarchy
2016-09-27 17:01:26.097  INFO 9705 --- [    Test worker] s.w.s.m.m.a.RequestMappingHandlerAdapter : Looking for @ControllerAdvice: org.springframework.web.context.support.GenericWebApplicationContext@4d033c35: startup date [Tue Sep 27 17:01:23 CST 2016]; root of context hierarchy
2016-09-27 17:01:26.189  INFO 9705 --- [    Test worker] s.w.s.m.m.a.RequestMappingHandlerMapping : Mapped "{[/api/v1.0/companies],methods=[POST]}" onto public top.jyx365.organizationService.CompanyResource top.jyx365.organizationService.CompanyController.addCompany(top.jyx365.organizationService.Company)
2016-09-27 17:01:26.190  INFO 9705 --- [    Test worker] s.w.s.m.m.a.RequestMappingHandlerMapping : Mapped "{[/api/v1.0/companies],methods=[GET]}" onto public java.util.List<top.jyx365.organizationService.CompanyResource> top.jyx365.organizationService.CompanyController.getCompanies()
2016-09-27 17:01:26.190  INFO 9705 --- [    Test worker] s.w.s.m.m.a.RequestMappingHandlerMapping : Mapped "{[/api/v1.0/companies/{companyId}],methods=[GET]}" onto public top.jyx365.organizationService.CompanyResource top.jyx365.organizationService.CompanyController.getCompany(java.lang.String)
2016-09-27 17:01:26.254  INFO 9705 --- [    Test worker] o.s.w.s.handler.SimpleUrlHandlerMapping  : Mapped URL path [/webjars/**] onto handler of type [class org.springframework.web.servlet.resource.ResourceHttpRequestHandler]
2016-09-27 17:01:26.255  INFO 9705 --- [    Test worker] o.s.w.s.handler.SimpleUrlHandlerMapping  : Mapped URL path [/**] onto handler of type [class org.springframework.web.servlet.resource.ResourceHttpRequestHandler]
2016-09-27 17:01:26.315  INFO 9705 --- [    Test worker] o.s.w.s.handler.SimpleUrlHandlerMapping  : Mapped URL path [/**/favicon.ico] onto handler of type [class org.springframework.web.servlet.resource.ResourceHttpRequestHandler]
2016-09-27 17:01:26.744  INFO 9705 --- [    Test worker] b.a.s.AuthenticationManagerConfiguration : 

Using default security password: b93e0c20-d106-426f-abf9-3fa15fe1a0ba

2016-09-27 17:01:26.914  INFO 9705 --- [    Test worker] o.s.s.web.DefaultSecurityFilterChain     : Creating filter chain: Ant [pattern='/css/**'], []
2016-09-27 17:01:26.915  INFO 9705 --- [    Test worker] o.s.s.web.DefaultSecurityFilterChain     : Creating filter chain: Ant [pattern='/js/**'], []
2016-09-27 17:01:26.916  INFO 9705 --- [    Test worker] o.s.s.web.DefaultSecurityFilterChain     : Creating filter chain: Ant [pattern='/images/**'], []
2016-09-27 17:01:26.916  INFO 9705 --- [    Test worker] o.s.s.web.DefaultSecurityFilterChain     : Creating filter chain: Ant [pattern='/webjars/**'], []
2016-09-27 17:01:26.916  INFO 9705 --- [    Test worker] o.s.s.web.DefaultSecurityFilterChain     : Creating filter chain: Ant [pattern='/**/favicon.ico'], []
2016-09-27 17:01:27.038  INFO 9705 --- [    Test worker] o.s.s.web.DefaultSecurityFilterChain     : Creating filter chain: org.springframework.security.web.util.matcher.AnyRequestMatcher@1, [org.springframework.security.web.context.request.async.WebAsyncManagerIntegrationFilter@dd7ce3a, org.springframework.security.web.context.SecurityContextPersistenceFilter@4180814, org.springframework.security.web.header.HeaderWriterFilter@1855bcbf, org.springframework.security.web.authentication.logout.LogoutFilter@21ead456, org.springframework.security.oauth2.provider.authentication.OAuth2AuthenticationProcessingFilter@4117f5cb, org.springframework.security.web.savedrequest.RequestCacheAwareFilter@6e9b273c, org.springframework.security.web.servletapi.SecurityContextHolderAwareRequestFilter@70990d61, org.springframework.security.web.authentication.AnonymousAuthenticationFilter@28cddd2b, org.springframework.security.web.session.SessionManagementFilter@37969cf6, org.springframework.security.web.access.ExceptionTranslationFilter@776cda77, org.springframework.security.web.access.intercept.FilterSecurityInterceptor@2a350006]
2016-09-27 17:01:27.076  INFO 9705 --- [    Test worker] o.s.s.web.DefaultSecurityFilterChain     : Creating filter chain: OrRequestMatcher [requestMatchers=[Ant [pattern='/**']]], [org.springframework.security.web.context.request.async.WebAsyncManagerIntegrationFilter@37085c7, org.springframework.security.web.context.SecurityContextPersistenceFilter@5575c97c, org.springframework.security.web.header.HeaderWriterFilter@7fcbbed5, org.springframework.security.web.authentication.logout.LogoutFilter@281b78e1, org.springframework.security.web.authentication.www.BasicAuthenticationFilter@16e52f05, org.springframework.security.web.savedrequest.RequestCacheAwareFilter@46be8645, org.springframework.security.web.servletapi.SecurityContextHolderAwareRequestFilter@6421b551, org.springframework.security.web.authentication.AnonymousAuthenticationFilter@442d70d3, org.springframework.security.web.session.SessionManagementFilter@777e475d, org.springframework.security.web.access.ExceptionTranslationFilter@31344d8a, org.springframework.security.web.access.intercept.FilterSecurityInterceptor@519980ed]
2016-09-27 17:01:27.125  INFO 9705 --- [    Test worker] o.s.b.t.m.w.SpringBootMockServletContext : Initializing Spring FrameworkServlet ''
2016-09-27 17:01:27.126  INFO 9705 --- [    Test worker] o.s.t.web.servlet.TestDispatcherServlet  : FrameworkServlet '': initialization started
2016-09-27 17:01:27.142  INFO 9705 --- [    Test worker] o.s.t.web.servlet.TestDispatcherServlet  : FrameworkServlet '': initialization completed in 15 ms
2016-09-27 17:01:27.254  INFO 9705 --- [    Test worker] .j.o.OrganizationServiceApplicationTests : Started OrganizationServiceApplicationTests in 4.397 seconds (JVM running for 5.66)

MockHttpServletRequest:
      HTTP Method = GET
      Request URI = /api/v1.0/companies
       Parameters = {}
          Headers = {Authorization=[bearer FcwQwMtQCFeZCTsnIAYhzSRiDpM3nJ]}

Handler:
             Type = null

Async:
    Async started = false
     Async result = null

Resolved Exception:
             Type = null

ModelAndView:
        View name = null
             View = null
            Model = null

FlashMap:
       Attributes = null

MockHttpServletResponse:
           Status = 401
    Error message = null
          Headers = {Cache-Control=[no-store], Pragma=[no-cache], WWW-Authenticate=[Bearer realm="oauth2-resource", error="invalid_token", error_description="Invalid access token: FcwQwMtQCFeZCTsnIAYhzSRiDpM3nJ"], Content-Type=[application/json;charset=UTF-8], X-Content-Type-Options=[nosniff], X-XSS-Protection=[1; mode=block], X-Frame-Options=[DENY]}
     Content type = application/json;charset=UTF-8
             Body = {"error":"invalid_token","error_description":"Invalid access token: FcwQwMtQCFeZCTsnIAYhzSRiDpM3nJ"}
    Forwarded URL = null
   Redirected URL = null
          Cookies = []

MockHttpServletRequest:
      HTTP Method = GET
      Request URI = /api/v1.0/companies
       Parameters = {}
          Headers = {Authorization=[bearer FcwQwMtQCFeZCTsnIAYhzSRiDpM3nJ]}

Handler:
             Type = null

Async:
    Async started = false
     Async result = null

Resolved Exception:
             Type = null

ModelAndView:
        View name = null
             View = null
            Model = null

FlashMap:
       Attributes = null

MockHttpServletResponse:
           Status = 401
    Error message = null
          Headers = {Cache-Control=[no-store], Pragma=[no-cache], WWW-Authenticate=[Bearer realm="oauth2-resource", error="invalid_token", error_description="Invalid access token: FcwQwMtQCFeZCTsnIAYhzSRiDpM3nJ"], Content-Type=[application/json;charset=UTF-8], X-Content-Type-Options=[nosniff], X-XSS-Protection=[1; mode=block], X-Frame-Options=[DENY]}
     Content type = application/json;charset=UTF-8
             Body = {"error":"invalid_token","error_description":"Invalid access token: FcwQwMtQCFeZCTsnIAYhzSRiDpM3nJ"}
    Forwarded URL = null
   Redirected URL = null
          Cookies = []
]]></system-out>
  <system-err><![CDATA[]]></system-err>
</testsuite>
